<?xml version="1.0" encoding="UTF-8"?>
<testsuite xmlns:xsi="http://www.w3.org/2001/XMLSchema-instance" xsi:noNamespaceSchemaLocation="https://maven.apache.org/surefire/maven-surefire-plugin/xsd/surefire-test-report-3.0.xsd" version="3.0" name="TestSuite" time="62.602" tests="4" errors="0" skipped="0" failures="0">
  <properties>
    <property name="gopherProxySet" value="false"/>
    <property name="awt.toolkit" value="sun.lwawt.macosx.LWCToolkit"/>
    <property name="file.encoding.pkg" value="sun.io"/>
    <property name="java.specification.version" value="1.8"/>
    <property name="sun.cpu.isalist" value=""/>
    <property name="sun.jnu.encoding" value="UTF-8"/>
    <property name="java.class.path" value="/Users/viswarajanlakshminarayanan/Documents/workspace1/selendroid/target/test-classes:/Users/viswarajanlakshminarayanan/Documents/workspace1/selendroid/target/classes:/Users/viswarajanlakshminarayanan/.m2/repository/io/appium/java-client/6.1.0/java-client-6.1.0.jar:/Users/viswarajanlakshminarayanan/.m2/repository/org/seleniumhq/selenium/selenium-support/3.12.0/selenium-support-3.12.0.jar:/Users/viswarajanlakshminarayanan/.m2/repository/org/seleniumhq/selenium/selenium-api/3.12.0/selenium-api-3.12.0.jar:/Users/viswarajanlakshminarayanan/.m2/repository/com/google/code/gson/gson/2.8.4/gson-2.8.4.jar:/Users/viswarajanlakshminarayanan/.m2/repository/org/apache/httpcomponents/httpclient/4.5.5/httpclient-4.5.5.jar:/Users/viswarajanlakshminarayanan/.m2/repository/cglib/cglib/3.2.6/cglib-3.2.6.jar:/Users/viswarajanlakshminarayanan/.m2/repository/org/ow2/asm/asm/6.0/asm-6.0.jar:/Users/viswarajanlakshminarayanan/.m2/repository/org/apache/ant/ant/1.9.6/ant-1.9.6.jar:/Users/viswarajanlakshminarayanan/.m2/repository/org/apache/ant/ant-launcher/1.9.6/ant-launcher-1.9.6.jar:/Users/viswarajanlakshminarayanan/.m2/repository/commons-validator/commons-validator/1.6/commons-validator-1.6.jar:/Users/viswarajanlakshminarayanan/.m2/repository/commons-beanutils/commons-beanutils/1.9.2/commons-beanutils-1.9.2.jar:/Users/viswarajanlakshminarayanan/.m2/repository/commons-digester/commons-digester/1.8.1/commons-digester-1.8.1.jar:/Users/viswarajanlakshminarayanan/.m2/repository/commons-collections/commons-collections/3.2.2/commons-collections-3.2.2.jar:/Users/viswarajanlakshminarayanan/.m2/repository/org/apache/commons/commons-lang3/3.7/commons-lang3-3.7.jar:/Users/viswarajanlakshminarayanan/.m2/repository/commons-io/commons-io/2.6/commons-io-2.6.jar:/Users/viswarajanlakshminarayanan/.m2/repository/org/springframework/spring-context/5.0.5.RELEASE/spring-context-5.0.5.RELEASE.jar:/Users/viswarajanlakshminarayanan/.m2/repository/org/springframework/spring-aop/5.0.5.RELEASE/spring-aop-5.0.5.RELEASE.jar:/Users/viswarajanlakshminarayanan/.m2/repository/org/springframework/spring-beans/5.0.5.RELEASE/spring-beans-5.0.5.RELEASE.jar:/Users/viswarajanlakshminarayanan/.m2/repository/org/springframework/spring-core/5.0.5.RELEASE/spring-core-5.0.5.RELEASE.jar:/Users/viswarajanlakshminarayanan/.m2/repository/org/springframework/spring-jcl/5.0.5.RELEASE/spring-jcl-5.0.5.RELEASE.jar:/Users/viswarajanlakshminarayanan/.m2/repository/org/springframework/spring-expression/5.0.5.RELEASE/spring-expression-5.0.5.RELEASE.jar:/Users/viswarajanlakshminarayanan/.m2/repository/org/aspectj/aspectjweaver/1.9.1/aspectjweaver-1.9.1.jar:/Users/viswarajanlakshminarayanan/.m2/repository/org/openpnp/opencv/3.2.0-1/opencv-3.2.0-1.jar:/Users/viswarajanlakshminarayanan/.m2/repository/org/seleniumhq/selenium/selenium-java/3.12.0/selenium-java-3.12.0.jar:/Users/viswarajanlakshminarayanan/.m2/repository/org/seleniumhq/selenium/selenium-chrome-driver/3.12.0/selenium-chrome-driver-3.12.0.jar:/Users/viswarajanlakshminarayanan/.m2/repository/org/seleniumhq/selenium/selenium-edge-driver/3.12.0/selenium-edge-driver-3.12.0.jar:/Users/viswarajanlakshminarayanan/.m2/repository/org/seleniumhq/selenium/selenium-firefox-driver/3.12.0/selenium-firefox-driver-3.12.0.jar:/Users/viswarajanlakshminarayanan/.m2/repository/org/seleniumhq/selenium/selenium-ie-driver/3.12.0/selenium-ie-driver-3.12.0.jar:/Users/viswarajanlakshminarayanan/.m2/repository/org/seleniumhq/selenium/selenium-opera-driver/3.12.0/selenium-opera-driver-3.12.0.jar:/Users/viswarajanlakshminarayanan/.m2/repository/org/seleniumhq/selenium/selenium-remote-driver/3.12.0/selenium-remote-driver-3.12.0.jar:/Users/viswarajanlakshminarayanan/.m2/repository/org/seleniumhq/selenium/selenium-safari-driver/3.12.0/selenium-safari-driver-3.12.0.jar:/Users/viswarajanlakshminarayanan/.m2/repository/net/bytebuddy/byte-buddy/1.8.3/byte-buddy-1.8.3.jar:/Users/viswarajanlakshminarayanan/.m2/repository/org/apache/commons/commons-exec/1.3/commons-exec-1.3.jar:/Users/viswarajanlakshminarayanan/.m2/repository/commons-codec/commons-codec/1.10/commons-codec-1.10.jar:/Users/viswarajanlakshminarayanan/.m2/repository/commons-logging/commons-logging/1.2/commons-logging-1.2.jar:/Users/viswarajanlakshminarayanan/.m2/repository/com/google/guava/guava/23.6-jre/guava-23.6-jre.jar:/Users/viswarajanlakshminarayanan/.m2/repository/com/google/code/findbugs/jsr305/1.3.9/jsr305-1.3.9.jar:/Users/viswarajanlakshminarayanan/.m2/repository/org/checkerframework/checker-compat-qual/2.0.0/checker-compat-qual-2.0.0.jar:/Users/viswarajanlakshminarayanan/.m2/repository/com/google/errorprone/error_prone_annotations/2.1.3/error_prone_annotations-2.1.3.jar:/Users/viswarajanlakshminarayanan/.m2/repository/com/google/j2objc/j2objc-annotations/1.1/j2objc-annotations-1.1.jar:/Users/viswarajanlakshminarayanan/.m2/repository/org/codehaus/mojo/animal-sniffer-annotations/1.14/animal-sniffer-annotations-1.14.jar:/Users/viswarajanlakshminarayanan/.m2/repository/org/apache/httpcomponents/httpcore/4.4.6/httpcore-4.4.6.jar:/Users/viswarajanlakshminarayanan/.m2/repository/com/squareup/okhttp3/okhttp/3.9.1/okhttp-3.9.1.jar:/Users/viswarajanlakshminarayanan/.m2/repository/com/squareup/okio/okio/1.13.0/okio-1.13.0.jar:/Users/viswarajanlakshminarayanan/.m2/repository/org/testng/testng/6.14.3/testng-6.14.3.jar:/Users/viswarajanlakshminarayanan/.m2/repository/com/beust/jcommander/1.72/jcommander-1.72.jar:/Users/viswarajanlakshminarayanan/.m2/repository/org/apache-extras/beanshell/bsh/2.0b6/bsh-2.0b6.jar:/Users/viswarajanlakshminarayanan/.m2/repository/log4j/log4j/1.2.17/log4j-1.2.17.jar:/Users/viswarajanlakshminarayanan/.m2/repository/net/sourceforge/tess4j/tess4j/4.3.1/tess4j-4.3.1.jar:/Users/viswarajanlakshminarayanan/.m2/repository/net/java/dev/jna/jna/5.1.0/jna-5.1.0.jar:/Users/viswarajanlakshminarayanan/.m2/repository/com/github/jai-imageio/jai-imageio-core/1.4.0/jai-imageio-core-1.4.0.jar:/Users/viswarajanlakshminarayanan/.m2/repository/org/ghost4j/ghost4j/1.0.1/ghost4j-1.0.1.jar:/Users/viswarajanlakshminarayanan/.m2/repository/org/apache/xmlgraphics/xmlgraphics-commons/1.4/xmlgraphics-commons-1.4.jar:/Users/viswarajanlakshminarayanan/.m2/repository/com/lowagie/itext/2.1.7/itext-2.1.7.jar:/Users/viswarajanlakshminarayanan/.m2/repository/org/apache/pdfbox/pdfbox/2.0.12/pdfbox-2.0.12.jar:/Users/viswarajanlakshminarayanan/.m2/repository/org/apache/pdfbox/fontbox/2.0.12/fontbox-2.0.12.jar:/Users/viswarajanlakshminarayanan/.m2/repository/org/apache/pdfbox/pdfbox-tools/2.0.12/pdfbox-tools-2.0.12.jar:/Users/viswarajanlakshminarayanan/.m2/repository/org/apache/pdfbox/pdfbox-debugger/2.0.12/pdfbox-debugger-2.0.12.jar:/Users/viswarajanlakshminarayanan/.m2/repository/org/apache/pdfbox/jbig2-imageio/3.0.2/jbig2-imageio-3.0.2.jar:/Users/viswarajanlakshminarayanan/.m2/repository/net/sourceforge/lept4j/lept4j/1.10.0/lept4j-1.10.0.jar:/Users/viswarajanlakshminarayanan/.m2/repository/org/jboss/jboss-vfs/3.2.14.Final/jboss-vfs-3.2.14.Final.jar:/Users/viswarajanlakshminarayanan/.m2/repository/org/jboss/logging/jboss-logging/3.1.4.GA/jboss-logging-3.1.4.GA.jar:/Users/viswarajanlakshminarayanan/.m2/repository/ch/qos/logback/logback-classic/1.2.3/logback-classic-1.2.3.jar:/Users/viswarajanlakshminarayanan/.m2/repository/ch/qos/logback/logback-core/1.2.3/logback-core-1.2.3.jar:/Users/viswarajanlakshminarayanan/.m2/repository/org/slf4j/slf4j-api/1.7.25/slf4j-api-1.7.25.jar:/Users/viswarajanlakshminarayanan/.m2/repository/org/slf4j/jul-to-slf4j/1.7.25/jul-to-slf4j-1.7.25.jar:/Users/viswarajanlakshminarayanan/.m2/repository/org/slf4j/jcl-over-slf4j/1.7.25/jcl-over-slf4j-1.7.25.jar:/Users/viswarajanlakshminarayanan/.m2/repository/org/slf4j/log4j-over-slf4j/1.7.25/log4j-over-slf4j-1.7.25.jar:"/>
    <property name="java.vm.vendor" value="Oracle Corporation"/>
    <property name="sun.arch.data.model" value="64"/>
    <property name="java.vendor.url" value="http://java.oracle.com/"/>
    <property name="user.timezone" value=""/>
    <property name="java.vm.specification.version" value="1.8"/>
    <property name="os.name" value="Mac OS X"/>
    <property name="user.country" value="IN"/>
    <property name="sun.java.launcher" value="SUN_STANDARD"/>
    <property name="sun.boot.library.path" value="/Library/Java/JavaVirtualMachines/jdk1.8.0_171.jdk/Contents/Home/jre/lib"/>
    <property name="sun.java.command" value="/Users/viswarajanlakshminarayanan/Documents/workspace1/selendroid/target/surefire/surefirebooter1910414390741530927.jar /Users/viswarajanlakshminarayanan/Documents/workspace1/selendroid/target/surefire 2019-03-31T19-06-19_589-jvmRun1 surefire2729303841781517600tmp surefire_09185571190027781053tmp"/>
    <property name="http.nonProxyHosts" value="local|*.local|169.254/16|*.169.254/16"/>
    <property name="surefire.test.class.path" value="/Users/viswarajanlakshminarayanan/Documents/workspace1/selendroid/target/test-classes:/Users/viswarajanlakshminarayanan/Documents/workspace1/selendroid/target/classes:/Users/viswarajanlakshminarayanan/.m2/repository/io/appium/java-client/6.1.0/java-client-6.1.0.jar:/Users/viswarajanlakshminarayanan/.m2/repository/org/seleniumhq/selenium/selenium-support/3.12.0/selenium-support-3.12.0.jar:/Users/viswarajanlakshminarayanan/.m2/repository/org/seleniumhq/selenium/selenium-api/3.12.0/selenium-api-3.12.0.jar:/Users/viswarajanlakshminarayanan/.m2/repository/com/google/code/gson/gson/2.8.4/gson-2.8.4.jar:/Users/viswarajanlakshminarayanan/.m2/repository/org/apache/httpcomponents/httpclient/4.5.5/httpclient-4.5.5.jar:/Users/viswarajanlakshminarayanan/.m2/repository/cglib/cglib/3.2.6/cglib-3.2.6.jar:/Users/viswarajanlakshminarayanan/.m2/repository/org/ow2/asm/asm/6.0/asm-6.0.jar:/Users/viswarajanlakshminarayanan/.m2/repository/org/apache/ant/ant/1.9.6/ant-1.9.6.jar:/Users/viswarajanlakshminarayanan/.m2/repository/org/apache/ant/ant-launcher/1.9.6/ant-launcher-1.9.6.jar:/Users/viswarajanlakshminarayanan/.m2/repository/commons-validator/commons-validator/1.6/commons-validator-1.6.jar:/Users/viswarajanlakshminarayanan/.m2/repository/commons-beanutils/commons-beanutils/1.9.2/commons-beanutils-1.9.2.jar:/Users/viswarajanlakshminarayanan/.m2/repository/commons-digester/commons-digester/1.8.1/commons-digester-1.8.1.jar:/Users/viswarajanlakshminarayanan/.m2/repository/commons-collections/commons-collections/3.2.2/commons-collections-3.2.2.jar:/Users/viswarajanlakshminarayanan/.m2/repository/org/apache/commons/commons-lang3/3.7/commons-lang3-3.7.jar:/Users/viswarajanlakshminarayanan/.m2/repository/commons-io/commons-io/2.6/commons-io-2.6.jar:/Users/viswarajanlakshminarayanan/.m2/repository/org/springframework/spring-context/5.0.5.RELEASE/spring-context-5.0.5.RELEASE.jar:/Users/viswarajanlakshminarayanan/.m2/repository/org/springframework/spring-aop/5.0.5.RELEASE/spring-aop-5.0.5.RELEASE.jar:/Users/viswarajanlakshminarayanan/.m2/repository/org/springframework/spring-beans/5.0.5.RELEASE/spring-beans-5.0.5.RELEASE.jar:/Users/viswarajanlakshminarayanan/.m2/repository/org/springframework/spring-core/5.0.5.RELEASE/spring-core-5.0.5.RELEASE.jar:/Users/viswarajanlakshminarayanan/.m2/repository/org/springframework/spring-jcl/5.0.5.RELEASE/spring-jcl-5.0.5.RELEASE.jar:/Users/viswarajanlakshminarayanan/.m2/repository/org/springframework/spring-expression/5.0.5.RELEASE/spring-expression-5.0.5.RELEASE.jar:/Users/viswarajanlakshminarayanan/.m2/repository/org/aspectj/aspectjweaver/1.9.1/aspectjweaver-1.9.1.jar:/Users/viswarajanlakshminarayanan/.m2/repository/org/openpnp/opencv/3.2.0-1/opencv-3.2.0-1.jar:/Users/viswarajanlakshminarayanan/.m2/repository/org/seleniumhq/selenium/selenium-java/3.12.0/selenium-java-3.12.0.jar:/Users/viswarajanlakshminarayanan/.m2/repository/org/seleniumhq/selenium/selenium-chrome-driver/3.12.0/selenium-chrome-driver-3.12.0.jar:/Users/viswarajanlakshminarayanan/.m2/repository/org/seleniumhq/selenium/selenium-edge-driver/3.12.0/selenium-edge-driver-3.12.0.jar:/Users/viswarajanlakshminarayanan/.m2/repository/org/seleniumhq/selenium/selenium-firefox-driver/3.12.0/selenium-firefox-driver-3.12.0.jar:/Users/viswarajanlakshminarayanan/.m2/repository/org/seleniumhq/selenium/selenium-ie-driver/3.12.0/selenium-ie-driver-3.12.0.jar:/Users/viswarajanlakshminarayanan/.m2/repository/org/seleniumhq/selenium/selenium-opera-driver/3.12.0/selenium-opera-driver-3.12.0.jar:/Users/viswarajanlakshminarayanan/.m2/repository/org/seleniumhq/selenium/selenium-remote-driver/3.12.0/selenium-remote-driver-3.12.0.jar:/Users/viswarajanlakshminarayanan/.m2/repository/org/seleniumhq/selenium/selenium-safari-driver/3.12.0/selenium-safari-driver-3.12.0.jar:/Users/viswarajanlakshminarayanan/.m2/repository/net/bytebuddy/byte-buddy/1.8.3/byte-buddy-1.8.3.jar:/Users/viswarajanlakshminarayanan/.m2/repository/org/apache/commons/commons-exec/1.3/commons-exec-1.3.jar:/Users/viswarajanlakshminarayanan/.m2/repository/commons-codec/commons-codec/1.10/commons-codec-1.10.jar:/Users/viswarajanlakshminarayanan/.m2/repository/commons-logging/commons-logging/1.2/commons-logging-1.2.jar:/Users/viswarajanlakshminarayanan/.m2/repository/com/google/guava/guava/23.6-jre/guava-23.6-jre.jar:/Users/viswarajanlakshminarayanan/.m2/repository/com/google/code/findbugs/jsr305/1.3.9/jsr305-1.3.9.jar:/Users/viswarajanlakshminarayanan/.m2/repository/org/checkerframework/checker-compat-qual/2.0.0/checker-compat-qual-2.0.0.jar:/Users/viswarajanlakshminarayanan/.m2/repository/com/google/errorprone/error_prone_annotations/2.1.3/error_prone_annotations-2.1.3.jar:/Users/viswarajanlakshminarayanan/.m2/repository/com/google/j2objc/j2objc-annotations/1.1/j2objc-annotations-1.1.jar:/Users/viswarajanlakshminarayanan/.m2/repository/org/codehaus/mojo/animal-sniffer-annotations/1.14/animal-sniffer-annotations-1.14.jar:/Users/viswarajanlakshminarayanan/.m2/repository/org/apache/httpcomponents/httpcore/4.4.6/httpcore-4.4.6.jar:/Users/viswarajanlakshminarayanan/.m2/repository/com/squareup/okhttp3/okhttp/3.9.1/okhttp-3.9.1.jar:/Users/viswarajanlakshminarayanan/.m2/repository/com/squareup/okio/okio/1.13.0/okio-1.13.0.jar:/Users/viswarajanlakshminarayanan/.m2/repository/org/testng/testng/6.14.3/testng-6.14.3.jar:/Users/viswarajanlakshminarayanan/.m2/repository/com/beust/jcommander/1.72/jcommander-1.72.jar:/Users/viswarajanlakshminarayanan/.m2/repository/org/apache-extras/beanshell/bsh/2.0b6/bsh-2.0b6.jar:/Users/viswarajanlakshminarayanan/.m2/repository/log4j/log4j/1.2.17/log4j-1.2.17.jar:/Users/viswarajanlakshminarayanan/.m2/repository/net/sourceforge/tess4j/tess4j/4.3.1/tess4j-4.3.1.jar:/Users/viswarajanlakshminarayanan/.m2/repository/net/java/dev/jna/jna/5.1.0/jna-5.1.0.jar:/Users/viswarajanlakshminarayanan/.m2/repository/com/github/jai-imageio/jai-imageio-core/1.4.0/jai-imageio-core-1.4.0.jar:/Users/viswarajanlakshminarayanan/.m2/repository/org/ghost4j/ghost4j/1.0.1/ghost4j-1.0.1.jar:/Users/viswarajanlakshminarayanan/.m2/repository/org/apache/xmlgraphics/xmlgraphics-commons/1.4/xmlgraphics-commons-1.4.jar:/Users/viswarajanlakshminarayanan/.m2/repository/com/lowagie/itext/2.1.7/itext-2.1.7.jar:/Users/viswarajanlakshminarayanan/.m2/repository/org/apache/pdfbox/pdfbox/2.0.12/pdfbox-2.0.12.jar:/Users/viswarajanlakshminarayanan/.m2/repository/org/apache/pdfbox/fontbox/2.0.12/fontbox-2.0.12.jar:/Users/viswarajanlakshminarayanan/.m2/repository/org/apache/pdfbox/pdfbox-tools/2.0.12/pdfbox-tools-2.0.12.jar:/Users/viswarajanlakshminarayanan/.m2/repository/org/apache/pdfbox/pdfbox-debugger/2.0.12/pdfbox-debugger-2.0.12.jar:/Users/viswarajanlakshminarayanan/.m2/repository/org/apache/pdfbox/jbig2-imageio/3.0.2/jbig2-imageio-3.0.2.jar:/Users/viswarajanlakshminarayanan/.m2/repository/net/sourceforge/lept4j/lept4j/1.10.0/lept4j-1.10.0.jar:/Users/viswarajanlakshminarayanan/.m2/repository/org/jboss/jboss-vfs/3.2.14.Final/jboss-vfs-3.2.14.Final.jar:/Users/viswarajanlakshminarayanan/.m2/repository/org/jboss/logging/jboss-logging/3.1.4.GA/jboss-logging-3.1.4.GA.jar:/Users/viswarajanlakshminarayanan/.m2/repository/ch/qos/logback/logback-classic/1.2.3/logback-classic-1.2.3.jar:/Users/viswarajanlakshminarayanan/.m2/repository/ch/qos/logback/logback-core/1.2.3/logback-core-1.2.3.jar:/Users/viswarajanlakshminarayanan/.m2/repository/org/slf4j/slf4j-api/1.7.25/slf4j-api-1.7.25.jar:/Users/viswarajanlakshminarayanan/.m2/repository/org/slf4j/jul-to-slf4j/1.7.25/jul-to-slf4j-1.7.25.jar:/Users/viswarajanlakshminarayanan/.m2/repository/org/slf4j/jcl-over-slf4j/1.7.25/jcl-over-slf4j-1.7.25.jar:/Users/viswarajanlakshminarayanan/.m2/repository/org/slf4j/log4j-over-slf4j/1.7.25/log4j-over-slf4j-1.7.25.jar:"/>
    <property name="sun.cpu.endian" value="little"/>
    <property name="user.home" value="/Users/viswarajanlakshminarayanan"/>
    <property name="user.language" value="en"/>
    <property name="java.specification.vendor" value="Oracle Corporation"/>
    <property name="java.home" value="/Library/Java/JavaVirtualMachines/jdk1.8.0_171.jdk/Contents/Home/jre"/>
    <property name="basedir" value="/Users/viswarajanlakshminarayanan/Documents/workspace1/selendroid"/>
    <property name="file.separator" value="/"/>
    <property name="line.separator" value="&#10;"/>
    <property name="java.vm.specification.vendor" value="Oracle Corporation"/>
    <property name="java.specification.name" value="Java Platform API Specification"/>
    <property name="java.awt.graphicsenv" value="sun.awt.CGraphicsEnvironment"/>
    <property name="surefire.real.class.path" value="/Users/viswarajanlakshminarayanan/Documents/workspace1/selendroid/target/surefire/surefirebooter1910414390741530927.jar"/>
    <property name="sun.boot.class.path" value="/Library/Java/JavaVirtualMachines/jdk1.8.0_171.jdk/Contents/Home/jre/lib/resources.jar:/Library/Java/JavaVirtualMachines/jdk1.8.0_171.jdk/Contents/Home/jre/lib/rt.jar:/Library/Java/JavaVirtualMachines/jdk1.8.0_171.jdk/Contents/Home/jre/lib/sunrsasign.jar:/Library/Java/JavaVirtualMachines/jdk1.8.0_171.jdk/Contents/Home/jre/lib/jsse.jar:/Library/Java/JavaVirtualMachines/jdk1.8.0_171.jdk/Contents/Home/jre/lib/jce.jar:/Library/Java/JavaVirtualMachines/jdk1.8.0_171.jdk/Contents/Home/jre/lib/charsets.jar:/Library/Java/JavaVirtualMachines/jdk1.8.0_171.jdk/Contents/Home/jre/lib/jfr.jar:/Library/Java/JavaVirtualMachines/jdk1.8.0_171.jdk/Contents/Home/jre/classes"/>
    <property name="sun.management.compiler" value="HotSpot 64-Bit Tiered Compilers"/>
    <property name="ftp.nonProxyHosts" value="local|*.local|169.254/16|*.169.254/16"/>
    <property name="java.runtime.version" value="1.8.0_171-b11"/>
    <property name="user.name" value="viswarajanlakshminarayanan"/>
    <property name="path.separator" value=":"/>
    <property name="os.version" value="10.14.3"/>
    <property name="java.endorsed.dirs" value="/Library/Java/JavaVirtualMachines/jdk1.8.0_171.jdk/Contents/Home/jre/lib/endorsed"/>
    <property name="java.runtime.name" value="Java(TM) SE Runtime Environment"/>
    <property name="file.encoding" value="UTF-8"/>
    <property name="java.vm.name" value="Java HotSpot(TM) 64-Bit Server VM"/>
    <property name="localRepository" value="/Users/viswarajanlakshminarayanan/.m2/repository"/>
    <property name="java.vendor.url.bug" value="http://bugreport.sun.com/bugreport/"/>
    <property name="java.io.tmpdir" value="/var/folders/py/r9xx4m516s17fr_7gbxv_by00000gn/T/"/>
    <property name="java.version" value="1.8.0_171"/>
    <property name="user.dir" value="/Users/viswarajanlakshminarayanan/Documents/workspace1/selendroid"/>
    <property name="os.arch" value="x86_64"/>
    <property name="java.vm.specification.name" value="Java Virtual Machine Specification"/>
    <property name="java.awt.printerjob" value="sun.lwawt.macosx.CPrinterJob"/>
    <property name="sun.os.patch.level" value="unknown"/>
    <property name="java.library.path" value="/Users/viswarajanlakshminarayanan/Library/Java/Extensions:/Library/Java/Extensions:/Network/Library/Java/Extensions:/System/Library/Java/Extensions:/usr/lib/java:."/>
    <property name="java.vm.info" value="mixed mode"/>
    <property name="java.vendor" value="Oracle Corporation"/>
    <property name="java.vm.version" value="25.171-b11"/>
    <property name="java.ext.dirs" value="/Users/viswarajanlakshminarayanan/Library/Java/Extensions:/Library/Java/JavaVirtualMachines/jdk1.8.0_171.jdk/Contents/Home/jre/lib/ext:/Library/Java/Extensions:/Network/Library/Java/Extensions:/System/Library/Java/Extensions:/usr/lib/java"/>
    <property name="sun.io.unicode.encoding" value="UnicodeBig"/>
    <property name="java.class.version" value="52.0"/>
    <property name="socksNonProxyHosts" value="local|*.local|169.254/16|*.169.254/16"/>
  </properties>
  <testcase name="webViewTest" classname="tests.sampleTest" time="9.889"/>
  <testcase name="clickSourceTest" classname="tests.sampleTest" time="14.655"/>
  <testcase name="textValidateTest" classname="tests.sampleTest" time="1.661"/>
  <testcase name="touchactionValidateTest" classname="tests.sampleTest" time="8.07"/>
</testsuite>