<?xml version="1.0" encoding="UTF-8"?>
<!-- Generated by org.testng.reporters.JUnitReportReporter -->
<testsuite skipped="0" hostname="viswarajans-MacBook-Pro.local" name="tests.sampleTest" tests="4" failures="0" timestamp="08 Apr 2019 09:28:51 GMT" time="67.983" errors="0">
  <testcase name="webViewTest" time="37.611" classname="tests.sampleTest"/>
  <testcase name="clickSourceTest" time="17.318" classname="tests.sampleTest"/>
  <testcase name="textValidateTest" time="2.788" classname="tests.sampleTest"/>
  <testcase name="touchactionValidateTest" time="10.266" classname="tests.sampleTest"/>
</testsuite> <!-- tests.sampleTest -->
