<?xml version="1.0" encoding="UTF-8"?>
<!-- Generated by org.testng.reporters.JUnitReportReporter -->
<testsuite skipped="0" hostname="viswarajans-MacBook-Pro.local" name="tests.sampleTest" tests="4" failures="0" timestamp="10 Apr 2019 08:59:05 GMT" time="47.947" errors="0">
  <testcase name="webViewTest" time="14.939" classname="tests.sampleTest"/>
  <testcase name="clickSourceTest" time="14.235" classname="tests.sampleTest"/>
  <testcase name="textValidateTest" time="1.706" classname="tests.sampleTest"/>
  <testcase name="touchactionValidateTest" time="17.067" classname="tests.sampleTest"/>
</testsuite> <!-- tests.sampleTest -->
